{"level":"info","message":"Server is running on port 5000","timestamp":"2026-03-26T05:05:32.732Z"}
{"level":"info","message":"Server is running on port 5000","timestamp":"2026-03-26T05:05:35.650Z"}
{"level":"info","message":"Server started","port":5000,"timestamp":"2026-03-26T05:05:42.568Z"}
{"level":"info","message":"Server started","port":5000,"timestamp":"2026-03-26T05:05:46.004Z"}
{"level":"info","message":"Server started","port":5000,"timestamp":"2026-03-26T05:05:53.045Z"}
{"level":"info","message":"Server started","port":5000,"timestamp":"2026-03-26T05:05:58.895Z"}
{"error":"","level":"error","message":"Redis error","stack":"AggregateError [ECONNREFUSED]: \n    at internalConnectMultiple (node:net:1117:18)\n    at afterConnectMultiple (node:net:1684:7)","timestamp":"2026-03-26T05:05:58.902Z"}
{"error":"","level":"error","message":"Redis error","stack":"AggregateError [ECONNREFUSED]: \n    at internalConnectMultiple (node:net:1117:18)\n    at afterConnectMultiple (node:net:1684:7)","timestamp":"2026-03-26T05:05:58.960Z"}
{"error":"","level":"error","message":"Redis error","stack":"AggregateError [ECONNREFUSED]: \n    at internalConnectMultiple (node:net:1117:18)\n    at afterConnectMultiple (node:net:1684:7)","timestamp":"2026-03-26T05:05:59.070Z"}
{"error":"","level":"error","message":"Redis error","stack":"AggregateError [ECONNREFUSED]: \n    at internalConnectMultiple (node:net:1117:18)\n    at afterConnectMultiple (node:net:1684:7)","timestamp":"2026-03-26T05:05:59.228Z"}
{"error":"","level":"error","message":"Redis error","stack":"AggregateError [ECONNREFUSED]: \n    at internalConnectMultiple (node:net:1117:18)\n    at afterConnectMultiple (node:net:1684:7)","timestamp":"2026-03-26T05:05:59.434Z"}
{"error":"","level":"error","message":"Redis error","stack":"AggregateError [ECONNREFUSED]: \n    at internalConnectMultiple (node:net:1117:18)\n    at afterConnectMultiple (node:net:1684:7)","timestamp":"2026-03-26T05:05:59.701Z"}
{"error":"","level":"error","message":"Redis error","stack":"AggregateError [ECONNREFUSED]: \n    at internalConnectMultiple (node:net:1117:18)\n    at afterConnectMultiple (node:net:1684:7)","timestamp":"2026-03-26T05:06:00.018Z"}
{"error":"","level":"error","message":"Redis error","stack":"AggregateError [ECONNREFUSED]: \n    at internalConnectMultiple (node:net:1117:18)\n    at afterConnectMultiple (node:net:1684:7)","timestamp":"2026-03-26T05:06:00.381Z"}
{"error":"","level":"error","message":"Redis error","stack":"AggregateError [ECONNREFUSED]: \n    at internalConnectMultiple (node:net:1117:18)\n    at afterConnectMultiple (node:net:1684:7)","timestamp":"2026-03-26T05:06:02.120Z"}
{"error":"","level":"error","message":"Redis error","stack":"AggregateError [ECONNREFUSED]: \n    at internalConnectMultiple (node:net:1117:18)\n    at afterConnectMultiple (node:net:1684:7)","timestamp":"2026-03-26T05:06:02.588Z"}
{"error":"","level":"error","message":"Redis error","stack":"AggregateError [ECONNREFUSED]: \n    at internalConnectMultiple (node:net:1117:18)\n    at afterConnectMultiple (node:net:1684:7)","timestamp":"2026-03-26T05:06:03.093Z"}
{"error":"","level":"error","message":"Redis error","stack":"AggregateError [ECONNREFUSED]: \n    at internalConnectMultiple (node:net:1117:18)\n    at afterConnectMultiple (node:net:1684:7)","timestamp":"2026-03-26T05:06:03.649Z"}
{"error":"","level":"error","message":"Redis error","stack":"AggregateError [ECONNREFUSED]: \n    at internalConnectMultiple (node:net:1117:18)\n    at afterConnectMultiple (node:net:1684:7)","timestamp":"2026-03-26T05:06:04.257Z"}
{"error":"","level":"error","message":"Redis error","stack":"AggregateError [ECONNREFUSED]: \n    at internalConnectMultiple (node:net:1117:18)\n    at afterConnectMultiple (node:net:1684:7)","timestamp":"2026-03-26T05:06:04.911Z"}
{"error":"","level":"error","message":"Redis error","stack":"AggregateError [ECONNREFUSED]: \n    at internalConnectMultiple (node:net:1117:18)\n    at afterConnectMultiple (node:net:1684:7)","timestamp":"2026-03-26T05:06:05.619Z"}
{"error":"","level":"error","message":"Redis error","stack":"AggregateError [ECONNREFUSED]: \n    at internalConnectMultiple (node:net:1117:18)\n    at afterConnectMultiple (node:net:1684:7)","timestamp":"2026-03-26T05:06:06.380Z"}
{"error":"","level":"error","message":"Redis error","stack":"AggregateError [ECONNREFUSED]: \n    at internalConnectMultiple (node:net:1117:18)\n    at afterConnectMultiple (node:net:1684:7)","timestamp":"2026-03-26T05:06:07.205Z"}
{"error":"","level":"error","message":"Redis error","stack":"AggregateError [ECONNREFUSED]: \n    at internalConnectMultiple (node:net:1117:18)\n    at afterConnectMultiple (node:net:1684:7)","timestamp":"2026-03-26T05:06:08.058Z"}
{"error":"","level":"error","message":"Redis error","stack":"AggregateError [ECONNREFUSED]: \n    at internalConnectMultiple (node:net:1117:18)\n    at afterConnectMultiple (node:net:1684:7)","timestamp":"2026-03-26T05:06:08.965Z"}
{"error":"","level":"error","message":"Redis error","stack":"AggregateError [ECONNREFUSED]: \n    at internalConnectMultiple (node:net:1117:18)\n    at afterConnectMultiple (node:net:1684:7)","timestamp":"2026-03-26T05:06:09.924Z"}
{"level":"info","message":"Server started","port":5000,"timestamp":"2026-03-26T05:06:10.649Z"}
{"error":"","level":"error","message":"Redis error","stack":"AggregateError [ECONNREFUSED]: \n    at internalConnectMultiple (node:net:1117:18)\n    at afterConnectMultiple (node:net:1684:7)","timestamp":"2026-03-26T05:06:10.659Z"}
{"error":"","level":"error","message":"Redis error","stack":"AggregateError [ECONNREFUSED]: \n    at internalConnectMultiple (node:net:1117:18)\n    at afterConnectMultiple (node:net:1684:7)","timestamp":"2026-03-26T05:06:10.715Z"}
{"error":"","level":"error","message":"Redis error","stack":"AggregateError [ECONNREFUSED]: \n    at internalConnectMultiple (node:net:1117:18)\n    at afterConnectMultiple (node:net:1684:7)","timestamp":"2026-03-26T05:06:10.825Z"}
{"error":"","level":"error","message":"Redis error","stack":"AggregateError [ECONNREFUSED]: \n    at internalConnectMultiple (node:net:1117:18)\n    at afterConnectMultiple (node:net:1684:7)","timestamp":"2026-03-26T05:06:10.980Z"}
{"error":"","level":"error","message":"Redis error","stack":"AggregateError [ECONNREFUSED]: \n    at internalConnectMultiple (node:net:1117:18)\n    at afterConnectMultiple (node:net:1684:7)","timestamp":"2026-03-26T05:06:11.187Z"}
{"error":"","level":"error","message":"Redis error","stack":"AggregateError [ECONNREFUSED]: \n    at internalConnectMultiple (node:net:1117:18)\n    at afterConnectMultiple (node:net:1684:7)","timestamp":"2026-03-26T05:06:11.440Z"}
{"error":"","level":"error","message":"Redis error","stack":"AggregateError [ECONNREFUSED]: \n    at internalConnectMultiple (node:net:1117:18)\n    at afterConnectMultiple (node:net:1684:7)","timestamp":"2026-03-26T05:06:11.756Z"}
{"error":"","level":"error","message":"Redis error","stack":"AggregateError [ECONNREFUSED]: \n    at internalConnectMultiple (node:net:1117:18)\n    at afterConnectMultiple (node:net:1684:7)","timestamp":"2026-03-26T05:06:12.117Z"}
{"error":"","level":"error","message":"Redis error","stack":"AggregateError [ECONNREFUSED]: \n    at internalConnectMultiple (node:net:1117:18)\n    at afterConnectMultiple (node:net:1684:7)","timestamp":"2026-03-26T05:06:12.528Z"}
{"level":"info","message":"Server started","port":5000,"timestamp":"2026-03-26T05:06:13.255Z"}
{"error":"","level":"error","message":"Redis error","stack":"AggregateError [ECONNREFUSED]: \n    at internalConnectMultiple (node:net:1117:18)\n    at afterConnectMultiple (node:net:1684:7)","timestamp":"2026-03-26T05:06:13.264Z"}
{"error":"","level":"error","message":"Redis error","stack":"AggregateError [ECONNREFUSED]: \n    at internalConnectMultiple (node:net:1117:18)\n    at afterConnectMultiple (node:net:1684:7)","timestamp":"2026-03-26T05:06:13.322Z"}
{"error":"","level":"error","message":"Redis error","stack":"AggregateError [ECONNREFUSED]: \n    at internalConnectMultiple (node:net:1117:18)\n    at afterConnectMultiple (node:net:1684:7)","timestamp":"2026-03-26T05:06:13.433Z"}
{"error":"","level":"error","message":"Redis error","stack":"AggregateError [ECONNREFUSED]: \n    at internalConnectMultiple (node:net:1117:18)\n    at afterConnectMultiple (node:net:1684:7)","timestamp":"2026-03-26T05:06:13.590Z"}
{"error":"","level":"error","message":"Redis error","stack":"AggregateError [ECONNREFUSED]: \n    at internalConnectMultiple (node:net:1117:18)\n    at afterConnectMultiple (node:net:1684:7)","timestamp":"2026-03-26T05:06:13.795Z"}
{"error":"","level":"error","message":"Redis error","stack":"AggregateError [ECONNREFUSED]: \n    at internalConnectMultiple (node:net:1117:18)\n    at afterConnectMultiple (node:net:1684:7)","timestamp":"2026-03-26T05:06:14.048Z"}
{"error":"","level":"error","message":"Redis error","stack":"AggregateError [ECONNREFUSED]: \n    at internalConnectMultiple (node:net:1117:18)\n    at afterConnectMultiple (node:net:1684:7)","timestamp":"2026-03-26T05:06:14.364Z"}
{"error":"","level":"error","message":"Redis error","stack":"AggregateError [ECONNREFUSED]: \n    at internalConnectMultiple (node:net:1117:18)\n    at afterConnectMultiple (node:net:1684:7)","timestamp":"2026-03-26T05:06:14.731Z"}
{"error":"","level":"error","message":"Redis error","stack":"AggregateError [ECONNREFUSED]: \n    at internalConnectMultiple (node:net:1117:18)\n    at afterConnectMultiple (node:net:1684:7)","timestamp":"2026-03-26T05:06:15.138Z"}
{"error":"","level":"error","message":"Redis error","stack":"AggregateError [ECONNREFUSED]: \n    at internalConnectMultiple (node:net:1117:18)\n    at afterConnectMultiple (node:net:1684:7)","timestamp":"2026-03-26T05:06:15.595Z"}
{"error":"","level":"error","message":"Redis error","stack":"AggregateError [ECONNREFUSED]: \n    at internalConnectMultiple (node:net:1117:18)\n    at afterConnectMultiple (node:net:1684:7)","timestamp":"2026-03-26T05:06:16.102Z"}
{"error":"","level":"error","message":"Redis error","stack":"AggregateError [ECONNREFUSED]: \n    at internalConnectMultiple (node:net:1117:18)\n    at afterConnectMultiple (node:net:1684:7)","timestamp":"2026-03-26T05:06:16.665Z"}
{"error":"","level":"error","message":"Redis error","stack":"AggregateError [ECONNREFUSED]: \n    at internalConnectMultiple (node:net:1117:18)\n    at afterConnectMultiple (node:net:1684:7)","timestamp":"2026-03-26T05:06:17.270Z"}
{"level":"info","message":"Server started","port":5000,"timestamp":"2026-03-26T05:06:18.391Z"}
{"error":"","level":"error","message":"Redis error","stack":"AggregateError [ECONNREFUSED]: \n    at internalConnectMultiple (node:net:1117:18)\n    at afterConnectMultiple (node:net:1684:7)","timestamp":"2026-03-26T05:06:18.399Z"}
{"error":"","level":"error","message":"Redis error","stack":"AggregateError [ECONNREFUSED]: \n    at internalConnectMultiple (node:net:1117:18)\n    at afterConnectMultiple (node:net:1684:7)","timestamp":"2026-03-26T05:06:18.464Z"}
{"error":"","level":"error","message":"Redis error","stack":"AggregateError [ECONNREFUSED]: \n    at internalConnectMultiple (node:net:1117:18)\n    at afterConnectMultiple (node:net:1684:7)","timestamp":"2026-03-26T05:06:18.575Z"}
{"error":"","level":"error","message":"Redis error","stack":"AggregateError [ECONNREFUSED]: \n    at internalConnectMultiple (node:net:1117:18)\n    at afterConnectMultiple (node:net:1684:7)","timestamp":"2026-03-26T05:06:18.731Z"}
{"error":"","level":"error","message":"Redis error","stack":"AggregateError [ECONNREFUSED]: \n    at internalConnectMultiple (node:net:1117:18)\n    at afterConnectMultiple (node:net:1684:7)","timestamp":"2026-03-26T05:06:18.942Z"}
{"error":"","level":"error","message":"Redis error","stack":"AggregateError [ECONNREFUSED]: \n    at internalConnectMultiple (node:net:1117:18)\n    at afterConnectMultiple (node:net:1684:7)","timestamp":"2026-03-26T05:06:19.209Z"}
{"error":"","level":"error","message":"Redis error","stack":"AggregateError [ECONNREFUSED]: \n    at internalConnectMultiple (node:net:1117:18)\n    at afterConnectMultiple (node:net:1684:7)","timestamp":"2026-03-26T05:06:19.526Z"}
{"error":"","level":"error","message":"Redis error","stack":"AggregateError [ECONNREFUSED]: \n    at internalConnectMultiple (node:net:1117:18)\n    at afterConnectMultiple (node:net:1684:7)","timestamp":"2026-03-26T05:06:19.887Z"}
{"error":"","level":"error","message":"Redis error","stack":"AggregateError [ECONNREFUSED]: \n    at internalConnectMultiple (node:net:1117:18)\n    at afterConnectMultiple (node:net:1684:7)","timestamp":"2026-03-26T05:06:20.292Z"}
{"error":"","level":"error","message":"Redis error","stack":"AggregateError [ECONNREFUSED]: \n    at internalConnectMultiple (node:net:1117:18)\n    at afterConnectMultiple (node:net:1684:7)","timestamp":"2026-03-26T05:06:20.747Z"}
{"error":"","level":"error","message":"Redis error","stack":"AggregateError [ECONNREFUSED]: \n    at internalConnectMultiple (node:net:1117:18)\n    at afterConnectMultiple (node:net:1684:7)","timestamp":"2026-03-26T05:06:21.264Z"}
{"error":"","level":"error","message":"Redis error","stack":"AggregateError [ECONNREFUSED]: \n    at internalConnectMultiple (node:net:1117:18)\n    at afterConnectMultiple (node:net:1684:7)","timestamp":"2026-03-26T05:06:21.829Z"}
{"error":"","level":"error","message":"Redis error","stack":"AggregateError [ECONNREFUSED]: \n    at internalConnectMultiple (node:net:1117:18)\n    at afterConnectMultiple (node:net:1684:7)","timestamp":"2026-03-26T05:06:22.444Z"}
{"error":"","level":"error","message":"Redis error","stack":"AggregateError [ECONNREFUSED]: \n    at internalConnectMultiple (node:net:1117:18)\n    at afterConnectMultiple (node:net:1684:7)","timestamp":"2026-03-26T05:06:23.108Z"}
{"error":"","level":"error","message":"Redis error","stack":"AggregateError [ECONNREFUSED]: \n    at internalConnectMultiple (node:net:1117:18)\n    at afterConnectMultiple (node:net:1684:7)","timestamp":"2026-03-26T05:06:23.822Z"}
{"level":"info","message":"Server started","port":5000,"timestamp":"2026-03-26T05:06:24.848Z"}
{"error":"","level":"error","message":"Redis error","stack":"AggregateError [ECONNREFUSED]: \n    at internalConnectMultiple (node:net:1117:18)\n    at afterConnectMultiple (node:net:1684:7)","timestamp":"2026-03-26T05:06:24.858Z"}
{"error":"","level":"error","message":"Redis error","stack":"AggregateError [ECONNREFUSED]: \n    at internalConnectMultiple (node:net:1117:18)\n    at afterConnectMultiple (node:net:1684:7)","timestamp":"2026-03-26T05:06:24.912Z"}
{"error":"","level":"error","message":"Redis error","stack":"AggregateError [ECONNREFUSED]: \n    at internalConnectMultiple (node:net:1117:18)\n    at afterConnectMultiple (node:net:1684:7)","timestamp":"2026-03-26T05:06:25.023Z"}
{"error":"","level":"error","message":"Redis error","stack":"AggregateError [ECONNREFUSED]: \n    at internalConnectMultiple (node:net:1117:18)\n    at afterConnectMultiple (node:net:1684:7)","timestamp":"2026-03-26T05:06:25.180Z"}
{"error":"","level":"error","message":"Redis error","stack":"AggregateError [ECONNREFUSED]: \n    at internalConnectMultiple (node:net:1117:18)\n    at afterConnectMultiple (node:net:1684:7)","timestamp":"2026-03-26T05:06:25.385Z"}
{"error":"","level":"error","message":"Redis error","stack":"AggregateError [ECONNREFUSED]: \n    at internalConnectMultiple (node:net:1117:18)\n    at afterConnectMultiple (node:net:1684:7)","timestamp":"2026-03-26T05:06:25.638Z"}
{"level":"info","message":"Server started","port":5000,"timestamp":"2026-03-26T05:06:26.438Z"}
{"error":"","level":"error","message":"Redis error","stack":"AggregateError [ECONNREFUSED]: \n    at internalConnectMultiple (node:net:1117:18)\n    at afterConnectMultiple (node:net:1684:7)","timestamp":"2026-03-26T05:06:26.445Z"}
{"error":"","level":"error","message":"Redis error","stack":"AggregateError [ECONNREFUSED]: \n    at internalConnectMultiple (node:net:1117:18)\n    at afterConnectMultiple (node:net:1684:7)","timestamp":"2026-03-26T05:06:26.507Z"}
{"error":"","level":"error","message":"Redis error","stack":"AggregateError [ECONNREFUSED]: \n    at internalConnectMultiple (node:net:1117:18)\n    at afterConnectMultiple (node:net:1684:7)","timestamp":"2026-03-26T05:06:26.617Z"}
{"error":"","level":"error","message":"Redis error","stack":"AggregateError [ECONNREFUSED]: \n    at internalConnectMultiple (node:net:1117:18)\n    at afterConnectMultiple (node:net:1684:7)","timestamp":"2026-03-26T05:06:26.775Z"}
{"error":"","level":"error","message":"Redis error","stack":"AggregateError [ECONNREFUSED]: \n    at internalConnectMultiple (node:net:1117:18)\n    at afterConnectMultiple (node:net:1684:7)","timestamp":"2026-03-26T05:06:26.979Z"}
{"error":"","level":"error","message":"Redis error","stack":"AggregateError [ECONNREFUSED]: \n    at internalConnectMultiple (node:net:1117:18)\n    at afterConnectMultiple (node:net:1684:7)","timestamp":"2026-03-26T05:06:27.231Z"}
{"error":"","level":"error","message":"Redis error","stack":"AggregateError [ECONNREFUSED]: \n    at internalConnectMultiple (node:net:1117:18)\n    at afterConnectMultiple (node:net:1684:7)","timestamp":"2026-03-26T05:06:27.559Z"}
{"error":"","level":"error","message":"Redis error","stack":"AggregateError [ECONNREFUSED]: \n    at internalConnectMultiple (node:net:1117:18)\n    at afterConnectMultiple (node:net:1684:7)","timestamp":"2026-03-26T05:06:27.926Z"}
{"error":"","level":"error","message":"Redis error","stack":"AggregateError [ECONNREFUSED]: \n    at internalConnectMultiple (node:net:1117:18)\n    at afterConnectMultiple (node:net:1684:7)","timestamp":"2026-03-26T05:06:28.339Z"}
{"error":"","level":"error","message":"Redis error","stack":"AggregateError [ECONNREFUSED]: \n    at internalConnectMultiple (node:net:1117:18)\n    at afterConnectMultiple (node:net:1684:7)","timestamp":"2026-03-26T05:06:28.796Z"}
{"error":"","level":"error","message":"Redis error","stack":"AggregateError [ECONNREFUSED]: \n    at internalConnectMultiple (node:net:1117:18)\n    at afterConnectMultiple (node:net:1684:7)","timestamp":"2026-03-26T05:06:29.425Z"}
{"error":"","level":"error","message":"Redis error","stack":"AggregateError [ECONNREFUSED]: \n    at internalConnectMultiple (node:net:1117:18)\n    at afterConnectMultiple (node:net:1684:7)","timestamp":"2026-03-26T05:06:29.980Z"}
{"error":"","level":"error","message":"Redis error","stack":"AggregateError [ECONNREFUSED]: \n    at internalConnectMultiple (node:net:1117:18)\n    at afterConnectMultiple (node:net:1684:7)","timestamp":"2026-03-26T05:06:30.588Z"}
{"error":"","level":"error","message":"Redis error","stack":"AggregateError [ECONNREFUSED]: \n    at internalConnectMultiple (node:net:1117:18)\n    at afterConnectMultiple (node:net:1684:7)","timestamp":"2026-03-26T05:06:31.247Z"}
{"error":"","level":"error","message":"Redis error","stack":"AggregateError [ECONNREFUSED]: \n    at internalConnectMultiple (node:net:1117:18)\n    at afterConnectMultiple (node:net:1684:7)","timestamp":"2026-03-26T05:06:31.959Z"}
{"error":"","level":"error","message":"Redis error","stack":"AggregateError [ECONNREFUSED]: \n    at internalConnectMultiple (node:net:1117:18)\n    at afterConnectMultiple (node:net:1684:7)","timestamp":"2026-03-26T05:06:32.712Z"}
{"level":"info","message":"Server started","port":5000,"timestamp":"2026-03-26T05:06:33.270Z"}
{"error":"","level":"error","message":"Redis error","stack":"AggregateError [ECONNREFUSED]: \n    at internalConnectMultiple (node:net:1117:18)\n    at afterConnectMultiple (node:net:1684:7)","timestamp":"2026-03-26T05:06:33.279Z"}
{"error":"","level":"error","message":"Redis error","stack":"AggregateError [ECONNREFUSED]: \n    at internalConnectMultiple (node:net:1117:18)\n    at afterConnectMultiple (node:net:1684:7)","timestamp":"2026-03-26T05:06:33.342Z"}
{"error":"","level":"error","message":"Redis error","stack":"AggregateError [ECONNREFUSED]: \n    at internalConnectMultiple (node:net:1117:18)\n    at afterConnectMultiple (node:net:1684:7)","timestamp":"2026-03-26T05:06:33.452Z"}
{"error":"","level":"error","message":"Redis error","stack":"AggregateError [ECONNREFUSED]: \n    at internalConnectMultiple (node:net:1117:18)\n    at afterConnectMultiple (node:net:1684:7)","timestamp":"2026-03-26T05:06:33.610Z"}
{"error":"","level":"error","message":"Redis error","stack":"AggregateError [ECONNREFUSED]: \n    at internalConnectMultiple (node:net:1117:18)\n    at afterConnectMultiple (node:net:1684:7)","timestamp":"2026-03-26T05:06:33.817Z"}
{"error":"","level":"error","message":"Redis error","stack":"AggregateError [ECONNREFUSED]: \n    at internalConnectMultiple (node:net:1117:18)\n    at afterConnectMultiple (node:net:1684:7)","timestamp":"2026-03-26T05:06:34.082Z"}
{"level":"info","message":"Server started","port":5000,"timestamp":"2026-03-26T05:06:34.850Z"}
{"error":"","level":"error","message":"Redis error","stack":"AggregateError [ECONNREFUSED]: \n    at internalConnectMultiple (node:net:1117:18)\n    at afterConnectMultiple (node:net:1684:7)","timestamp":"2026-03-26T05:06:34.863Z"}
{"error":"","level":"error","message":"Redis error","stack":"AggregateError [ECONNREFUSED]: \n    at internalConnectMultiple (node:net:1117:18)\n    at afterConnectMultiple (node:net:1684:7)","timestamp":"2026-03-26T05:06:34.915Z"}
{"error":"","level":"error","message":"Redis error","stack":"AggregateError [ECONNREFUSED]: \n    at internalConnectMultiple (node:net:1117:18)\n    at afterConnectMultiple (node:net:1684:7)","timestamp":"2026-03-26T05:06:35.026Z"}
{"error":"","level":"error","message":"Redis error","stack":"AggregateError [ECONNREFUSED]: \n    at internalConnectMultiple (node:net:1117:18)\n    at afterConnectMultiple (node:net:1684:7)","timestamp":"2026-03-26T05:06:35.184Z"}
{"error":"","level":"error","message":"Redis error","stack":"AggregateError [ECONNREFUSED]: \n    at internalConnectMultiple (node:net:1117:18)\n    at afterConnectMultiple (node:net:1684:7)","timestamp":"2026-03-26T05:06:35.401Z"}
{"error":"","level":"error","message":"Redis error","stack":"AggregateError [ECONNREFUSED]: \n    at internalConnectMultiple (node:net:1117:18)\n    at afterConnectMultiple (node:net:1684:7)","timestamp":"2026-03-26T05:06:35.669Z"}
{"error":"","level":"error","message":"Redis error","stack":"AggregateError [ECONNREFUSED]: \n    at internalConnectMultiple (node:net:1117:18)\n    at afterConnectMultiple (node:net:1684:7)","timestamp":"2026-03-26T05:06:35.979Z"}
{"error":"","level":"error","message":"Redis error","stack":"AggregateError [ECONNREFUSED]: \n    at internalConnectMultiple (node:net:1117:18)\n    at afterConnectMultiple (node:net:1684:7)","timestamp":"2026-03-26T05:06:36.547Z"}
{"error":"","level":"error","message":"Redis error","stack":"AggregateError [ECONNREFUSED]: \n    at internalConnectMultiple (node:net:1117:18)\n    at afterConnectMultiple (node:net:1684:7)","timestamp":"2026-03-26T05:06:36.957Z"}
{"error":"","level":"error","message":"Redis error","stack":"AggregateError [ECONNREFUSED]: \n    at internalConnectMultiple (node:net:1117:18)\n    at afterConnectMultiple (node:net:1684:7)","timestamp":"2026-03-26T05:06:37.412Z"}
{"error":"","level":"error","message":"Redis error","stack":"AggregateError [ECONNREFUSED]: \n    at internalConnectMultiple (node:net:1117:18)\n    at afterConnectMultiple (node:net:1684:7)","timestamp":"2026-03-26T05:06:37.917Z"}
{"error":"","level":"error","message":"Redis error","stack":"AggregateError [ECONNREFUSED]: \n    at internalConnectMultiple (node:net:1117:18)\n    at afterConnectMultiple (node:net:1684:7)","timestamp":"2026-03-26T05:06:38.479Z"}
{"error":"","level":"error","message":"Redis error","stack":"AggregateError [ECONNREFUSED]: \n    at internalConnectMultiple (node:net:1117:18)\n    at afterConnectMultiple (node:net:1684:7)","timestamp":"2026-03-26T05:06:39.095Z"}
{"error":"","level":"error","message":"Redis error","stack":"AggregateError [ECONNREFUSED]: \n    at internalConnectMultiple (node:net:1117:18)\n    at afterConnectMultiple (node:net:1684:7)","timestamp":"2026-03-26T05:06:39.760Z"}
{"error":"","level":"error","message":"Redis error","stack":"AggregateError [ECONNREFUSED]: \n    at internalConnectMultiple (node:net:1117:18)\n    at afterConnectMultiple (node:net:1684:7)","timestamp":"2026-03-26T05:06:40.470Z"}
{"error":"","level":"error","message":"Redis error","stack":"AggregateError [ECONNREFUSED]: \n    at internalConnectMultiple (node:net:1117:18)\n    at afterConnectMultiple (node:net:1684:7)","timestamp":"2026-03-26T05:06:41.225Z"}
{"error":"","level":"error","message":"Redis error","stack":"AggregateError [ECONNREFUSED]: \n    at internalConnectMultiple (node:net:1117:18)\n    at afterConnectMultiple (node:net:1684:7)","timestamp":"2026-03-26T05:06:42.029Z"}
{"error":"","level":"error","message":"Redis error","stack":"AggregateError [ECONNREFUSED]: \n    at internalConnectMultiple (node:net:1117:18)\n    at afterConnectMultiple (node:net:1684:7)","timestamp":"2026-03-26T05:06:42.895Z"}
{"level":"info","message":"Server started","port":5000,"timestamp":"2026-03-26T05:06:43.974Z"}
{"error":"","level":"error","message":"Redis error","stack":"AggregateError [ECONNREFUSED]: \n    at internalConnectMultiple (node:net:1117:18)\n    at afterConnectMultiple (node:net:1684:7)","timestamp":"2026-03-26T05:06:43.984Z"}
{"error":"","level":"error","message":"Redis error","stack":"AggregateError [ECONNREFUSED]: \n    at internalConnectMultiple (node:net:1117:18)\n    at afterConnectMultiple (node:net:1684:7)","timestamp":"2026-03-26T05:06:44.036Z"}
{"error":"","level":"error","message":"Redis error","stack":"AggregateError [ECONNREFUSED]: \n    at internalConnectMultiple (node:net:1117:18)\n    at afterConnectMultiple (node:net:1684:7)","timestamp":"2026-03-26T05:06:44.146Z"}
{"error":"","level":"error","message":"Redis error","stack":"AggregateError [ECONNREFUSED]: \n    at internalConnectMultiple (node:net:1117:18)\n    at afterConnectMultiple (node:net:1684:7)","timestamp":"2026-03-26T05:06:44.330Z"}
{"error":"","level":"error","message":"Redis error","stack":"AggregateError [ECONNREFUSED]: \n    at internalConnectMultiple (node:net:1117:18)\n    at afterConnectMultiple (node:net:1684:7)","timestamp":"2026-03-26T05:06:44.537Z"}
{"error":"","level":"error","message":"Redis error","stack":"AggregateError [ECONNREFUSED]: \n    at internalConnectMultiple (node:net:1117:18)\n    at afterConnectMultiple (node:net:1684:7)","timestamp":"2026-03-26T05:06:44.802Z"}
{"error":"","level":"error","message":"Redis error","stack":"AggregateError [ECONNREFUSED]: \n    at internalConnectMultiple (node:net:1117:18)\n    at afterConnectMultiple (node:net:1684:7)","timestamp":"2026-03-26T05:06:45.120Z"}
{"level":"info","message":"Server started","port":5000,"timestamp":"2026-03-26T05:06:45.947Z"}
{"error":"","level":"error","message":"Redis error","stack":"AggregateError [ECONNREFUSED]: \n    at internalConnectMultiple (node:net:1117:18)\n    at afterConnectMultiple (node:net:1684:7)","timestamp":"2026-03-26T05:06:45.958Z"}
{"error":"","level":"error","message":"Redis error","stack":"AggregateError [ECONNREFUSED]: \n    at internalConnectMultiple (node:net:1117:18)\n    at afterConnectMultiple (node:net:1684:7)","timestamp":"2026-03-26T05:06:46.018Z"}
{"error":"","level":"error","message":"Redis error","stack":"AggregateError [ECONNREFUSED]: \n    at internalConnectMultiple (node:net:1117:18)\n    at afterConnectMultiple (node:net:1684:7)","timestamp":"2026-03-26T05:06:46.129Z"}
{"error":"","level":"error","message":"Redis error","stack":"AggregateError [ECONNREFUSED]: \n    at internalConnectMultiple (node:net:1117:18)\n    at afterConnectMultiple (node:net:1684:7)","timestamp":"2026-03-26T05:06:46.286Z"}
{"error":"","level":"error","message":"Redis error","stack":"AggregateError [ECONNREFUSED]: \n    at internalConnectMultiple (node:net:1117:18)\n    at afterConnectMultiple (node:net:1684:7)","timestamp":"2026-03-26T05:06:46.491Z"}
{"error":"","level":"error","message":"Redis error","stack":"AggregateError [ECONNREFUSED]: \n    at internalConnectMultiple (node:net:1117:18)\n    at afterConnectMultiple (node:net:1684:7)","timestamp":"2026-03-26T05:06:46.758Z"}
{"error":"","level":"error","message":"Redis error","stack":"AggregateError [ECONNREFUSED]: \n    at internalConnectMultiple (node:net:1117:18)\n    at afterConnectMultiple (node:net:1684:7)","timestamp":"2026-03-26T05:06:47.075Z"}
{"error":"","level":"error","message":"Redis error","stack":"AggregateError [ECONNREFUSED]: \n    at internalConnectMultiple (node:net:1117:18)\n    at afterConnectMultiple (node:net:1684:7)","timestamp":"2026-03-26T05:06:48.990Z"}
{"error":"","level":"error","message":"Redis error","stack":"AggregateError [ECONNREFUSED]: \n    at internalConnectMultiple (node:net:1117:18)\n    at afterConnectMultiple (node:net:1684:7)","timestamp":"2026-03-26T05:06:49.408Z"}
{"error":"","level":"error","message":"Redis error","stack":"AggregateError [ECONNREFUSED]: \n    at internalConnectMultiple (node:net:1117:18)\n    at afterConnectMultiple (node:net:1684:7)","timestamp":"2026-03-26T05:06:49.866Z"}
{"error":"","level":"error","message":"Redis error","stack":"AggregateError [ECONNREFUSED]: \n    at internalConnectMultiple (node:net:1117:18)\n    at afterConnectMultiple (node:net:1684:7)","timestamp":"2026-03-26T05:06:50.370Z"}
{"error":"","level":"error","message":"Redis error","stack":"AggregateError [ECONNREFUSED]: \n    at internalConnectMultiple (node:net:1117:18)\n    at afterConnectMultiple (node:net:1684:7)","timestamp":"2026-03-26T05:06:50.921Z"}
{"error":"","level":"error","message":"Redis error","stack":"AggregateError [ECONNREFUSED]: \n    at internalConnectMultiple (node:net:1117:18)\n    at afterConnectMultiple (node:net:1684:7)","timestamp":"2026-03-26T05:06:51.535Z"}
{"error":"","level":"error","message":"Redis error","stack":"AggregateError [ECONNREFUSED]: \n    at internalConnectMultiple (node:net:1117:18)\n    at afterConnectMultiple (node:net:1684:7)","timestamp":"2026-03-26T05:06:52.202Z"}
{"error":"","level":"error","message":"Redis error","stack":"AggregateError [ECONNREFUSED]: \n    at internalConnectMultiple (node:net:1117:18)\n    at afterConnectMultiple (node:net:1684:7)","timestamp":"2026-03-26T05:06:52.915Z"}
{"error":"","level":"error","message":"Redis error","stack":"AggregateError [ECONNREFUSED]: \n    at internalConnectMultiple (node:net:1117:18)\n    at afterConnectMultiple (node:net:1684:7)","timestamp":"2026-03-26T05:06:53.673Z"}
{"error":"","level":"error","message":"Redis error","stack":"AggregateError [ECONNREFUSED]: \n    at internalConnectMultiple (node:net:1117:18)\n    at afterConnectMultiple (node:net:1684:7)","timestamp":"2026-03-26T05:06:54.477Z"}
{"error":"","level":"error","message":"Redis error","stack":"AggregateError [ECONNREFUSED]: \n    at internalConnectMultiple (node:net:1117:18)\n    at afterConnectMultiple (node:net:1684:7)","timestamp":"2026-03-26T05:06:55.334Z"}
{"error":"","level":"error","message":"Redis error","stack":"AggregateError [ECONNREFUSED]: \n    at internalConnectMultiple (node:net:1117:18)\n    at afterConnectMultiple (node:net:1684:7)","timestamp":"2026-03-26T05:06:56.237Z"}
{"error":"","level":"error","message":"Redis error","stack":"AggregateError [ECONNREFUSED]: \n    at internalConnectMultiple (node:net:1117:18)\n    at afterConnectMultiple (node:net:1684:7)","timestamp":"2026-03-26T05:06:57.201Z"}
{"error":"","level":"error","message":"Redis error","stack":"AggregateError [ECONNREFUSED]: \n    at internalConnectMultiple (node:net:1117:18)\n    at afterConnectMultiple (node:net:1684:7)","timestamp":"2026-03-26T05:06:58.210Z"}
{"error":"","level":"error","message":"Redis error","stack":"AggregateError [ECONNREFUSED]: \n    at internalConnectMultiple (node:net:1117:18)\n    at afterConnectMultiple (node:net:1684:7)","timestamp":"2026-03-26T05:06:59.267Z"}
{"error":"","level":"error","message":"Redis error","stack":"AggregateError [ECONNREFUSED]: \n    at internalConnectMultiple (node:net:1117:18)\n    at afterConnectMultiple (node:net:1684:7)","timestamp":"2026-03-26T05:07:00.793Z"}
{"error":"","level":"error","message":"Redis error","stack":"AggregateError [ECONNREFUSED]: \n    at internalConnectMultiple (node:net:1117:18)\n    at afterConnectMultiple (node:net:1684:7)","timestamp":"2026-03-26T05:07:01.954Z"}
{"error":"","level":"error","message":"Redis error","stack":"AggregateError [ECONNREFUSED]: \n    at internalConnectMultiple (node:net:1117:18)\n    at afterConnectMultiple (node:net:1684:7)","timestamp":"2026-03-26T05:07:03.158Z"}
{"error":"","level":"error","message":"Redis error","stack":"AggregateError [ECONNREFUSED]: \n    at internalConnectMultiple (node:net:1117:18)\n    at afterConnectMultiple (node:net:1684:7)","timestamp":"2026-03-26T05:07:04.412Z"}
{"error":"","level":"error","message":"Redis error","stack":"AggregateError [ECONNREFUSED]: \n    at internalConnectMultiple (node:net:1117:18)\n    at afterConnectMultiple (node:net:1684:7)","timestamp":"2026-03-26T05:07:05.721Z"}
{"error":"","level":"error","message":"Redis error","stack":"AggregateError [ECONNREFUSED]: \n    at internalConnectMultiple (node:net:1117:18)\n    at afterConnectMultiple (node:net:1684:7)","timestamp":"2026-03-26T05:07:07.083Z"}
{"error":"","level":"error","message":"Redis error","stack":"AggregateError [ECONNREFUSED]: \n    at internalConnectMultiple (node:net:1117:18)\n    at afterConnectMultiple (node:net:1684:7)","timestamp":"2026-03-26T05:07:08.491Z"}
{"error":"","level":"error","message":"Redis error","stack":"AggregateError [ECONNREFUSED]: \n    at internalConnectMultiple (node:net:1117:18)\n    at afterConnectMultiple (node:net:1684:7)","timestamp":"2026-03-26T05:07:09.944Z"}
{"error":"","level":"error","message":"Redis error","stack":"AggregateError [ECONNREFUSED]: \n    at internalConnectMultiple (node:net:1117:18)\n    at afterConnectMultiple (node:net:1684:7)","timestamp":"2026-03-26T05:07:11.458Z"}
{"level":"info","message":"Server started","port":5000,"timestamp":"2026-03-26T05:07:12.392Z"}
{"error":"","level":"error","message":"Redis error","stack":"AggregateError [ECONNREFUSED]: \n    at internalConnectMultiple (node:net:1117:18)\n    at afterConnectMultiple (node:net:1684:7)","timestamp":"2026-03-26T05:07:12.401Z"}
{"error":"","level":"error","message":"Redis error","stack":"AggregateError [ECONNREFUSED]: \n    at internalConnectMultiple (node:net:1117:18)\n    at afterConnectMultiple (node:net:1684:7)","timestamp":"2026-03-26T05:07:12.456Z"}
{"error":"","level":"error","message":"Redis error","stack":"AggregateError [ECONNREFUSED]: \n    at internalConnectMultiple (node:net:1117:18)\n    at afterConnectMultiple (node:net:1684:7)","timestamp":"2026-03-26T05:07:12.569Z"}
{"error":"","level":"error","message":"Redis error","stack":"AggregateError [ECONNREFUSED]: \n    at internalConnectMultiple (node:net:1117:18)\n    at afterConnectMultiple (node:net:1684:7)","timestamp":"2026-03-26T05:07:12.729Z"}
{"error":"","level":"error","message":"Redis error","stack":"AggregateError [ECONNREFUSED]: \n    at internalConnectMultiple (node:net:1117:18)\n    at afterConnectMultiple (node:net:1684:7)","timestamp":"2026-03-26T05:07:12.933Z"}
{"error":"","level":"error","message":"Redis error","stack":"AggregateError [ECONNREFUSED]: \n    at internalConnectMultiple (node:net:1117:18)\n    at afterConnectMultiple (node:net:1684:7)","timestamp":"2026-03-26T05:07:13.010Z"}
{"error":"","level":"error","message":"Redis error","stack":"AggregateError [ECONNREFUSED]: \n    at internalConnectMultiple (node:net:1117:18)\n    at afterConnectMultiple (node:net:1684:7)","timestamp":"2026-03-26T05:07:13.188Z"}
{"error":"","level":"error","message":"Redis error","stack":"AggregateError [ECONNREFUSED]: \n    at internalConnectMultiple (node:net:1117:18)\n    at afterConnectMultiple (node:net:1684:7)","timestamp":"2026-03-26T05:07:13.502Z"}
{"error":"","level":"error","message":"Redis error","stack":"AggregateError [ECONNREFUSED]: \n    at internalConnectMultiple (node:net:1117:18)\n    at afterConnectMultiple (node:net:1684:7)","timestamp":"2026-03-26T05:07:13.868Z"}
{"error":"","level":"error","message":"Redis error","stack":"AggregateError [ECONNREFUSED]: \n    at internalConnectMultiple (node:net:1117:18)\n    at afterConnectMultiple (node:net:1684:7)","timestamp":"2026-03-26T05:07:14.277Z"}
{"error":"","level":"error","message":"Redis error","stack":"AggregateError [ECONNREFUSED]: \n    at internalConnectMultiple (node:net:1117:18)\n    at afterConnectMultiple (node:net:1684:7)","timestamp":"2026-03-26T05:07:14.611Z"}
{"error":"","level":"error","message":"Redis error","stack":"AggregateError [ECONNREFUSED]: \n    at internalConnectMultiple (node:net:1117:18)\n    at afterConnectMultiple (node:net:1684:7)","timestamp":"2026-03-26T05:07:14.738Z"}
{"error":"","level":"error","message":"Redis error","stack":"AggregateError [ECONNREFUSED]: \n    at internalConnectMultiple (node:net:1117:18)\n    at afterConnectMultiple (node:net:1684:7)","timestamp":"2026-03-26T05:07:15.245Z"}
{"error":"","level":"error","message":"Redis error","stack":"AggregateError [ECONNREFUSED]: \n    at internalConnectMultiple (node:net:1117:18)\n    at afterConnectMultiple (node:net:1684:7)","timestamp":"2026-03-26T05:07:15.811Z"}
{"error":"","level":"error","message":"Redis error","stack":"AggregateError [ECONNREFUSED]: \n    at internalConnectMultiple (node:net:1117:18)\n    at afterConnectMultiple (node:net:1684:7)","timestamp":"2026-03-26T05:07:16.268Z"}
{"error":"","level":"error","message":"Redis error","stack":"AggregateError [ECONNREFUSED]: \n    at internalConnectMultiple (node:net:1117:18)\n    at afterConnectMultiple (node:net:1684:7)","timestamp":"2026-03-26T05:07:16.425Z"}
{"error":"","level":"error","message":"Redis error","stack":"AggregateError [ECONNREFUSED]: \n    at internalConnectMultiple (node:net:1117:18)\n    at afterConnectMultiple (node:net:1684:7)","timestamp":"2026-03-26T05:07:17.091Z"}
{"error":"Could not connect to any servers in your MongoDB Atlas cluster. One common reason is that you're trying to access the database from an IP that isn't whitelisted. Make sure your current IP address is on your Atlas cluster's IP whitelist: https://www.mongodb.com/docs/atlas/security-whitelist/","level":"error","message":"MongoDB connection failed","stack":"MongooseServerSelectionError: Could not connect to any servers in your MongoDB Atlas cluster. One common reason is that you're trying to access the database from an IP that isn't whitelisted. Make sure your current IP address is on your Atlas cluster's IP whitelist: https://www.mongodb.com/docs/atlas/security-whitelist/\n    at _handleConnectionErrors (C:\\Users\\dyash\\OneDrive\\Desktop\\GitHub\\RBAC\\SERVER\\node_modules\\mongoose\\lib\\connection.js:1168:11)\n    at NativeConnection.openUri (C:\\Users\\dyash\\OneDrive\\Desktop\\GitHub\\RBAC\\SERVER\\node_modules\\mongoose\\lib\\connection.js:1099:11)\n    at async connectDB (file:///C:/Users/dyash/OneDrive/Desktop/GitHub/RBAC/SERVER/src/config/db.js:6:5)","timestamp":"2026-03-26T05:07:17.408Z"}
{"error":"","level":"error","message":"Redis error","stack":"AggregateError [ECONNREFUSED]: \n    at internalConnectMultiple (node:net:1117:18)\n    at afterConnectMultiple (node:net:1684:7)","timestamp":"2026-03-26T05:07:17.804Z"}
{"error":"","level":"error","message":"Redis error","stack":"AggregateError [ECONNREFUSED]: \n    at internalConnectMultiple (node:net:1117:18)\n    at afterConnectMultiple (node:net:1684:7)","timestamp":"2026-03-26T05:07:18.562Z"}
{"error":"","level":"error","message":"Redis error","stack":"AggregateError [ECONNREFUSED]: \n    at internalConnectMultiple (node:net:1117:18)\n    at afterConnectMultiple (node:net:1684:7)","timestamp":"2026-03-26T05:07:19.371Z"}
{"error":"","level":"error","message":"Redis error","stack":"AggregateError [ECONNREFUSED]: \n    at internalConnectMultiple (node:net:1117:18)\n    at afterConnectMultiple (node:net:1684:7)","timestamp":"2026-03-26T05:07:20.232Z"}
{"error":"","level":"error","message":"Redis error","stack":"AggregateError [ECONNREFUSED]: \n    at internalConnectMultiple (node:net:1117:18)\n    at afterConnectMultiple (node:net:1684:7)","timestamp":"2026-03-26T05:07:21.134Z"}
{"error":"","level":"error","message":"Redis error","stack":"AggregateError [ECONNREFUSED]: \n    at internalConnectMultiple (node:net:1117:18)\n    at afterConnectMultiple (node:net:1684:7)","timestamp":"2026-03-26T05:07:22.097Z"}
{"error":"","level":"error","message":"Redis error","stack":"AggregateError [ECONNREFUSED]: \n    at internalConnectMultiple (node:net:1117:18)\n    at afterConnectMultiple (node:net:1684:7)","timestamp":"2026-03-26T05:07:23.105Z"}
{"error":"","level":"error","message":"Redis error","stack":"AggregateError [ECONNREFUSED]: \n    at internalConnectMultiple (node:net:1117:18)\n    at afterConnectMultiple (node:net:1684:7)","timestamp":"2026-03-26T05:07:24.172Z"}
{"error":"","level":"error","message":"Redis error","stack":"AggregateError [ECONNREFUSED]: \n    at internalConnectMultiple (node:net:1117:18)\n    at afterConnectMultiple (node:net:1684:7)","timestamp":"2026-03-26T05:07:25.282Z"}
{"error":"","level":"error","message":"Redis error","stack":"AggregateError [ECONNREFUSED]: \n    at internalConnectMultiple (node:net:1117:18)\n    at afterConnectMultiple (node:net:1684:7)","timestamp":"2026-03-26T05:07:26.447Z"}
{"error":"","level":"error","message":"Redis error","stack":"AggregateError [ECONNREFUSED]: \n    at internalConnectMultiple (node:net:1117:18)\n    at afterConnectMultiple (node:net:1684:7)","timestamp":"2026-03-26T05:07:27.659Z"}
{"error":"","level":"error","message":"Redis error","stack":"AggregateError [ECONNREFUSED]: \n    at internalConnectMultiple (node:net:1117:18)\n    at afterConnectMultiple (node:net:1684:7)","timestamp":"2026-03-26T05:07:28.923Z"}
{"error":"","level":"error","message":"Redis error","stack":"AggregateError [ECONNREFUSED]: \n    at internalConnectMultiple (node:net:1117:18)\n    at afterConnectMultiple (node:net:1684:7)","timestamp":"2026-03-26T05:07:32.154Z"}
{"error":"","level":"error","message":"Redis error","stack":"AggregateError [ECONNREFUSED]: \n    at internalConnectMultiple (node:net:1117:18)\n    at afterConnectMultiple (node:net:1684:7)","timestamp":"2026-03-26T05:07:33.512Z"}
{"error":"","level":"error","message":"Redis error","stack":"AggregateError [ECONNREFUSED]: \n    at internalConnectMultiple (node:net:1117:18)\n    at afterConnectMultiple (node:net:1684:7)","timestamp":"2026-03-26T05:07:34.918Z"}
{"error":"","level":"error","message":"Redis error","stack":"AggregateError [ECONNREFUSED]: \n    at internalConnectMultiple (node:net:1117:18)\n    at afterConnectMultiple (node:net:1684:7)","timestamp":"2026-03-26T05:07:36.371Z"}
{"error":"","level":"error","message":"Redis error","stack":"AggregateError [ECONNREFUSED]: \n    at internalConnectMultiple (node:net:1117:18)\n    at afterConnectMultiple (node:net:1684:7)","timestamp":"2026-03-26T05:07:37.875Z"}
{"error":"","level":"error","message":"Redis error","stack":"AggregateError [ECONNREFUSED]: \n    at internalConnectMultiple (node:net:1117:18)\n    at afterConnectMultiple (node:net:1684:7)","timestamp":"2026-03-26T05:07:40.890Z"}
{"error":"","level":"error","message":"Redis error","stack":"AggregateError [ECONNREFUSED]: \n    at internalConnectMultiple (node:net:1117:18)\n    at afterConnectMultiple (node:net:1684:7)","timestamp":"2026-03-26T05:07:42.501Z"}
{"error":"Could not connect to any servers in your MongoDB Atlas cluster. One common reason is that you're trying to access the database from an IP that isn't whitelisted. Make sure your current IP address is on your Atlas cluster's IP whitelist: https://www.mongodb.com/docs/atlas/security-whitelist/","level":"error","message":"MongoDB connection failed","stack":"MongooseServerSelectionError: Could not connect to any servers in your MongoDB Atlas cluster. One common reason is that you're trying to access the database from an IP that isn't whitelisted. Make sure your current IP address is on your Atlas cluster's IP whitelist: https://www.mongodb.com/docs/atlas/security-whitelist/\n    at _handleConnectionErrors (C:\\Users\\dyash\\OneDrive\\Desktop\\GitHub\\RBAC\\SERVER\\node_modules\\mongoose\\lib\\connection.js:1168:11)\n    at NativeConnection.openUri (C:\\Users\\dyash\\OneDrive\\Desktop\\GitHub\\RBAC\\SERVER\\node_modules\\mongoose\\lib\\connection.js:1099:11)\n    at async connectDB (file:///C:/Users/dyash/OneDrive/Desktop/GitHub/RBAC/SERVER/src/config/db.js:6:5)","timestamp":"2026-03-26T05:07:42.690Z"}
{"level":"warn","message":"REDIS_URL not set. Continuing without Redis cache.","timestamp":"2026-03-26T05:08:54.524Z"}
{"level":"info","message":"Server started","port":5000,"timestamp":"2026-03-26T05:08:54.594Z"}
{"level":"warn","message":"REDIS_URL not set. Continuing without Redis cache.","timestamp":"2026-03-26T05:09:03.172Z"}
{"level":"info","message":"Server started","port":5000,"timestamp":"2026-03-26T05:09:03.240Z"}
{"level":"warn","message":"REDIS_URL not set. Continuing without Redis cache.","timestamp":"2026-03-26T05:09:25.771Z"}
{"level":"info","message":"Server started","port":5000,"timestamp":"2026-03-26T05:09:25.836Z"}
{"error":"Could not connect to any servers in your MongoDB Atlas cluster. One common reason is that you're trying to access the database from an IP that isn't whitelisted. Make sure your current IP address is on your Atlas cluster's IP whitelist: https://www.mongodb.com/docs/atlas/security-whitelist/","level":"error","message":"MongoDB connection failed","stack":"MongooseServerSelectionError: Could not connect to any servers in your MongoDB Atlas cluster. One common reason is that you're trying to access the database from an IP that isn't whitelisted. Make sure your current IP address is on your Atlas cluster's IP whitelist: https://www.mongodb.com/docs/atlas/security-whitelist/\n    at _handleConnectionErrors (C:\\Users\\dyash\\OneDrive\\Desktop\\GitHub\\RBAC\\SERVER\\node_modules\\mongoose\\lib\\connection.js:1168:11)\n    at NativeConnection.openUri (C:\\Users\\dyash\\OneDrive\\Desktop\\GitHub\\RBAC\\SERVER\\node_modules\\mongoose\\lib\\connection.js:1099:11)\n    at async connectDB (file:///C:/Users/dyash/OneDrive/Desktop/GitHub/RBAC/SERVER/src/config/db.js:6:5)","timestamp":"2026-03-26T05:09:56.414Z"}
{"level":"info","message":"Server started","port":5000,"timestamp":"2026-03-26T05:15:46.617Z"}
{"level":"info","message":"Redis connected","timestamp":"2026-03-26T05:15:47.467Z"}
{"level":"error","message":"Redis error NOAUTH Authentication required","stack":"ReplyError: NOAUTH Authentication required\n    at parseError (C:\\Users\\dyash\\OneDrive\\Desktop\\GitHub\\RBAC\\SERVER\\node_modules\\redis-parser\\lib\\parser.js:179:12)\n    at parseType (C:\\Users\\dyash\\OneDrive\\Desktop\\GitHub\\RBAC\\SERVER\\node_modules\\redis-parser\\lib\\parser.js:302:14)","timestamp":"2026-03-26T05:15:48.226Z"}
{"level":"info","message":"Server started","port":5000,"timestamp":"2026-03-26T05:16:07.983Z"}
{"level":"info","message":"Redis connected","timestamp":"2026-03-26T05:16:08.832Z"}
{"level":"error","message":"Redis error NOAUTH Authentication required","stack":"ReplyError: NOAUTH Authentication required\n    at parseError (C:\\Users\\dyash\\OneDrive\\Desktop\\GitHub\\RBAC\\SERVER\\node_modules\\redis-parser\\lib\\parser.js:179:12)\n    at parseType (C:\\Users\\dyash\\OneDrive\\Desktop\\GitHub\\RBAC\\SERVER\\node_modules\\redis-parser\\lib\\parser.js:302:14)","timestamp":"2026-03-26T05:16:09.566Z"}
{"error":"Could not connect to any servers in your MongoDB Atlas cluster. One common reason is that you're trying to access the database from an IP that isn't whitelisted. Make sure your current IP address is on your Atlas cluster's IP whitelist: https://www.mongodb.com/docs/atlas/security-whitelist/","level":"error","message":"MongoDB connection failed","stack":"MongooseServerSelectionError: Could not connect to any servers in your MongoDB Atlas cluster. One common reason is that you're trying to access the database from an IP that isn't whitelisted. Make sure your current IP address is on your Atlas cluster's IP whitelist: https://www.mongodb.com/docs/atlas/security-whitelist/\n    at _handleConnectionErrors (C:\\Users\\dyash\\OneDrive\\Desktop\\GitHub\\RBAC\\SERVER\\node_modules\\mongoose\\lib\\connection.js:1168:11)\n    at NativeConnection.openUri (C:\\Users\\dyash\\OneDrive\\Desktop\\GitHub\\RBAC\\SERVER\\node_modules\\mongoose\\lib\\connection.js:1099:11)\n    at async connectDB (file:///C:/Users/dyash/OneDrive/Desktop/GitHub/RBAC/SERVER/src/config/db.js:6:5)","timestamp":"2026-03-26T05:16:38.104Z"}
{"level":"info","message":"Server started","port":5000,"timestamp":"2026-03-26T05:18:41.914Z"}
{"level":"info","message":"Redis connected","timestamp":"2026-03-26T05:18:43.023Z"}
{"level":"error","message":"Redis error WRONGPASS invalid username-password pair","stack":"ReplyError: WRONGPASS invalid username-password pair\n    at parseError (C:\\Users\\dyash\\OneDrive\\Desktop\\GitHub\\RBAC\\SERVER\\node_modules\\redis-parser\\lib\\parser.js:179:12)\n    at parseType (C:\\Users\\dyash\\OneDrive\\Desktop\\GitHub\\RBAC\\SERVER\\node_modules\\redis-parser\\lib\\parser.js:302:14)","timestamp":"2026-03-26T05:18:43.381Z"}
{"error":"Could not connect to any servers in your MongoDB Atlas cluster. One common reason is that you're trying to access the database from an IP that isn't whitelisted. Make sure your current IP address is on your Atlas cluster's IP whitelist: https://www.mongodb.com/docs/atlas/security-whitelist/","level":"error","message":"MongoDB connection failed","stack":"MongooseServerSelectionError: Could not connect to any servers in your MongoDB Atlas cluster. One common reason is that you're trying to access the database from an IP that isn't whitelisted. Make sure your current IP address is on your Atlas cluster's IP whitelist: https://www.mongodb.com/docs/atlas/security-whitelist/\n    at _handleConnectionErrors (C:\\Users\\dyash\\OneDrive\\Desktop\\GitHub\\RBAC\\SERVER\\node_modules\\mongoose\\lib\\connection.js:1168:11)\n    at NativeConnection.openUri (C:\\Users\\dyash\\OneDrive\\Desktop\\GitHub\\RBAC\\SERVER\\node_modules\\mongoose\\lib\\connection.js:1099:11)\n    at async connectDB (file:///C:/Users/dyash/OneDrive/Desktop/GitHub/RBAC/SERVER/src/config/db.js:6:5)","timestamp":"2026-03-26T05:19:12.287Z"}
{"level":"info","message":"Server started","port":5000,"timestamp":"2026-03-26T05:24:12.345Z"}
{"level":"info","message":"Redis connected","timestamp":"2026-03-26T05:24:12.353Z"}
{"error":"Could not connect to any servers in your MongoDB Atlas cluster. One common reason is that you're trying to access the database from an IP that isn't whitelisted. Make sure your current IP address is on your Atlas cluster's IP whitelist: https://www.mongodb.com/docs/atlas/security-whitelist/","level":"error","message":"MongoDB connection failed","stack":"MongooseServerSelectionError: Could not connect to any servers in your MongoDB Atlas cluster. One common reason is that you're trying to access the database from an IP that isn't whitelisted. Make sure your current IP address is on your Atlas cluster's IP whitelist: https://www.mongodb.com/docs/atlas/security-whitelist/\n    at _handleConnectionErrors (C:\\Users\\dyash\\OneDrive\\Desktop\\GitHub\\RBAC\\SERVER\\node_modules\\mongoose\\lib\\connection.js:1168:11)\n    at NativeConnection.openUri (C:\\Users\\dyash\\OneDrive\\Desktop\\GitHub\\RBAC\\SERVER\\node_modules\\mongoose\\lib\\connection.js:1099:11)\n    at async connectDB (file:///C:/Users/dyash/OneDrive/Desktop/GitHub/RBAC/SERVER/src/config/db.js:6:5)","timestamp":"2026-03-26T05:24:42.542Z"}
{"level":"info","message":"Server started","port":5000,"timestamp":"2026-03-26T05:24:59.763Z"}
{"level":"info","message":"Redis connected","timestamp":"2026-03-26T05:24:59.769Z"}
{"level":"info","message":"MongoDB connected","timestamp":"2026-03-26T05:25:01.396Z"}
{"email":"dyashsingh.@gmail.com","level":"warn","message":"Registration blocked: user already exists","timestamp":"2026-03-26T05:26:12.871Z"}
{"durationMs":144,"level":"info","message":"HTTP request completed","method":"POST","path":"/api/v1/auth/register","statusCode":400,"timestamp":"2026-03-26T05:26:12.874Z"}
{"level":"info","message":"Login successful","role":"user","timestamp":"2026-03-26T05:26:48.555Z","userId":"69c4ab056c4d77beab85ca83"}
{"durationMs":149,"level":"info","message":"HTTP request completed","method":"POST","path":"/api/v1/auth/login","statusCode":200,"timestamp":"2026-03-26T05:26:48.556Z"}
{"level":"warn","message":"Authorization failed: missing token","path":"/api/v1/tasks/","timestamp":"2026-03-26T05:32:39.730Z"}
{"durationMs":1,"level":"info","message":"HTTP request completed","method":"POST","path":"/api/v1/tasks/","statusCode":401,"timestamp":"2026-03-26T05:32:39.731Z"}
{"level":"info","message":"Login successful","role":"user","timestamp":"2026-03-26T05:33:03.238Z","userId":"69c4ab056c4d77beab85ca83"}
{"durationMs":190,"level":"info","message":"HTTP request completed","method":"POST","path":"/api/v1/auth/login","statusCode":200,"timestamp":"2026-03-26T05:33:03.239Z"}
{"level":"warn","message":"Authorization failed: missing token","path":"/api/v1/tasks/","timestamp":"2026-03-26T05:33:24.276Z"}
{"durationMs":1,"level":"info","message":"HTTP request completed","method":"POST","path":"/api/v1/tasks/","statusCode":401,"timestamp":"2026-03-26T05:33:24.277Z"}
{"level":"info","message":"Server started","port":5000,"timestamp":"2026-03-26T05:40:44.573Z"}
{"level":"info","message":"Redis connected","timestamp":"2026-03-26T05:40:44.583Z"}
{"level":"info","message":"MongoDB connected","timestamp":"2026-03-26T05:40:54.007Z"}
{"level":"info","message":"Server started","port":5000,"timestamp":"2026-03-26T05:41:00.702Z"}
{"level":"info","message":"Redis connected","timestamp":"2026-03-26T05:41:00.709Z"}
{"level":"info","message":"MongoDB connected","timestamp":"2026-03-26T05:41:07.909Z"}
{"error":"C4430000:error:0A000438:SSL routines:ssl3_read_bytes:tlsv1 alert internal error:c:\\ws\\deps\\openssl\\openssl\\ssl\\record\\rec_layer_s3.c:1590:SSL alert number 80\n","level":"error","message":"Registration failed","stack":"MongoServerSelectionError: C4430000:error:0A000438:SSL routines:ssl3_read_bytes:tlsv1 alert internal error:c:\\ws\\deps\\openssl\\openssl\\ssl\\record\\rec_layer_s3.c:1590:SSL alert number 80\n\n    at Topology.selectServer (C:\\Users\\dyash\\OneDrive\\Desktop\\GitHub\\RBAC\\SERVER\\node_modules\\mongodb\\lib\\sdam\\topology.js:347:38)\n    at async tryOperation (C:\\Users\\dyash\\OneDrive\\Desktop\\GitHub\\RBAC\\SERVER\\node_modules\\mongodb\\lib\\operations\\execute_operation.js:150:18)\n    at async executeOperation (C:\\Users\\dyash\\OneDrive\\Desktop\\GitHub\\RBAC\\SERVER\\node_modules\\mongodb\\lib\\operations\\execute_operation.js:80:16)\n    at async FindCursor._initialize (C:\\Users\\dyash\\OneDrive\\Desktop\\GitHub\\RBAC\\SERVER\\node_modules\\mongodb\\lib\\cursor\\find_cursor.js:62:26)\n    at async FindCursor.cursorInit (C:\\Users\\dyash\\OneDrive\\Desktop\\GitHub\\RBAC\\SERVER\\node_modules\\mongodb\\lib\\cursor\\abstract_cursor.js:620:27)\n    at async FindCursor.fetchBatch (C:\\Users\\dyash\\OneDrive\\Desktop\\GitHub\\RBAC\\SERVER\\node_modules\\mongodb\\lib\\cursor\\abstract_cursor.js:654:13)\n    at async FindCursor.next (C:\\Users\\dyash\\OneDrive\\Desktop\\GitHub\\RBAC\\SERVER\\node_modules\\mongodb\\lib\\cursor\\abstract_cursor.js:326:17)\n    at async Collection.findOne (C:\\Users\\dyash\\OneDrive\\Desktop\\GitHub\\RBAC\\SERVER\\node_modules\\mongodb\\lib\\collection.js:313:24)\n    at async model.Query._findOne (C:\\Users\\dyash\\OneDrive\\Desktop\\GitHub\\RBAC\\SERVER\\node_modules\\mongoose\\lib\\query.js:2731:15)\n    at async model.Query.exec (C:\\Users\\dyash\\OneDrive\\Desktop\\GitHub\\RBAC\\SERVER\\node_modules\\mongoose\\lib\\query.js:4726:63)","timestamp":"2026-03-26T05:52:17.000Z"}
{"error":"C4430000:error:0A000438:SSL routines:ssl3_read_bytes:tlsv1 alert internal error:c:\\ws\\deps\\openssl\\openssl\\ssl\\record\\rec_layer_s3.c:1590:SSL alert number 80\n","level":"error","message":"Login failed","stack":"MongoServerSelectionError: C4430000:error:0A000438:SSL routines:ssl3_read_bytes:tlsv1 alert internal error:c:\\ws\\deps\\openssl\\openssl\\ssl\\record\\rec_layer_s3.c:1590:SSL alert number 80\n\n    at Topology.selectServer (C:\\Users\\dyash\\OneDrive\\Desktop\\GitHub\\RBAC\\SERVER\\node_modules\\mongodb\\lib\\sdam\\topology.js:347:38)\n    at async tryOperation (C:\\Users\\dyash\\OneDrive\\Desktop\\GitHub\\RBAC\\SERVER\\node_modules\\mongodb\\lib\\operations\\execute_operation.js:150:18)\n    at async executeOperation (C:\\Users\\dyash\\OneDrive\\Desktop\\GitHub\\RBAC\\SERVER\\node_modules\\mongodb\\lib\\operations\\execute_operation.js:80:16)\n    at async FindCursor._initialize (C:\\Users\\dyash\\OneDrive\\Desktop\\GitHub\\RBAC\\SERVER\\node_modules\\mongodb\\lib\\cursor\\find_cursor.js:62:26)\n    at async FindCursor.cursorInit (C:\\Users\\dyash\\OneDrive\\Desktop\\GitHub\\RBAC\\SERVER\\node_modules\\mongodb\\lib\\cursor\\abstract_cursor.js:620:27)\n    at async FindCursor.fetchBatch (C:\\Users\\dyash\\OneDrive\\Desktop\\GitHub\\RBAC\\SERVER\\node_modules\\mongodb\\lib\\cursor\\abstract_cursor.js:654:13)\n    at async FindCursor.next (C:\\Users\\dyash\\OneDrive\\Desktop\\GitHub\\RBAC\\SERVER\\node_modules\\mongodb\\lib\\cursor\\abstract_cursor.js:326:17)\n    at async Collection.findOne (C:\\Users\\dyash\\OneDrive\\Desktop\\GitHub\\RBAC\\SERVER\\node_modules\\mongodb\\lib\\collection.js:313:24)\n    at async model.Query._findOne (C:\\Users\\dyash\\OneDrive\\Desktop\\GitHub\\RBAC\\SERVER\\node_modules\\mongoose\\lib\\query.js:2731:15)\n    at async model.Query.exec (C:\\Users\\dyash\\OneDrive\\Desktop\\GitHub\\RBAC\\SERVER\\node_modules\\mongoose\\lib\\query.js:4726:63)","timestamp":"2026-03-26T05:52:51.814Z"}
{"durationMs":30013,"level":"info","message":"HTTP request completed","method":"POST","path":"/api/v1/auth/login","statusCode":500,"timestamp":"2026-03-26T05:52:51.816Z"}
{"level":"info","message":"Server started","port":5000,"timestamp":"2026-03-26T05:53:52.481Z"}
{"level":"info","message":"Redis connected","timestamp":"2026-03-26T05:53:52.488Z"}
{"level":"info","message":"MongoDB connected","timestamp":"2026-03-26T05:53:54.861Z"}
{"email":"dyashsingh.4@gmail.com","level":"warn","message":"Login failed: user not found","timestamp":"2026-03-26T05:54:15.764Z"}
{"durationMs":1577,"level":"info","message":"HTTP request completed","method":"POST","path":"/api/v1/auth/login","statusCode":400,"timestamp":"2026-03-26T05:54:15.766Z"}
{"email":"dyashsingh.4@gmail.com","level":"warn","message":"Login failed: user not found","timestamp":"2026-03-26T05:54:19.821Z"}
{"durationMs":584,"level":"info","message":"HTTP request completed","method":"POST","path":"/api/v1/auth/login","statusCode":400,"timestamp":"2026-03-26T05:54:19.822Z"}
{"email":"myashsingh.10@gmail.com","level":"info","message":"User registered","timestamp":"2026-03-26T05:54:35.438Z","userId":"69c4ca1b802d00d852043069"}
{"durationMs":248,"level":"info","message":"HTTP request completed","method":"POST","path":"/api/v1/auth/register","statusCode":201,"timestamp":"2026-03-26T05:54:35.438Z"}
{"level":"info","message":"Login successful","role":"user","timestamp":"2026-03-26T05:54:42.215Z","userId":"69c4ca1b802d00d852043069"}
{"durationMs":128,"level":"info","message":"HTTP request completed","method":"POST","path":"/api/v1/auth/login","statusCode":200,"timestamp":"2026-03-26T05:54:42.217Z"}
{"level":"warn","message":"Role check failed: forbidden","path":"/api/v1/tasks","requiredRoles":[["user","admin"]],"role":"user","timestamp":"2026-03-26T05:54:42.245Z"}
{"durationMs":4,"level":"info","message":"HTTP request completed","method":"GET","path":"/api/v1/tasks","statusCode":403,"timestamp":"2026-03-26T05:54:42.246Z"}
{"level":"warn","message":"Role check failed: forbidden","path":"/api/v1/tasks","requiredRoles":[["user","admin"]],"role":"user","timestamp":"2026-03-26T05:54:59.930Z"}
{"durationMs":2,"level":"info","message":"HTTP request completed","method":"POST","path":"/api/v1/tasks","statusCode":403,"timestamp":"2026-03-26T05:54:59.931Z"}
{"level":"warn","message":"Role check failed: forbidden","path":"/api/v1/tasks","requiredRoles":[["user","admin"]],"role":"user","timestamp":"2026-03-26T05:55:06.512Z"}
{"durationMs":3,"level":"info","message":"HTTP request completed","method":"POST","path":"/api/v1/tasks","statusCode":403,"timestamp":"2026-03-26T05:55:06.513Z"}
{"level":"info","message":"Server started","port":5000,"timestamp":"2026-03-26T05:56:47.518Z"}
{"level":"info","message":"Redis connected","timestamp":"2026-03-26T05:56:47.527Z"}
{"level":"info","message":"Server started","port":5000,"timestamp":"2026-03-26T05:56:54.034Z"}
{"level":"info","message":"Redis connected","timestamp":"2026-03-26T05:56:54.042Z"}
{"level":"info","message":"MongoDB connected","timestamp":"2026-03-26T05:57:18.602Z"}
{"level":"warn","message":"Login failed: invalid password","timestamp":"2026-03-26T05:58:27.033Z","userId":"69c4ca1b802d00d852043069"}
{"durationMs":123,"level":"info","message":"HTTP request completed","method":"POST","path":"/api/v1/auth/login","statusCode":400,"timestamp":"2026-03-26T05:58:27.035Z"}
{"level":"info","message":"Login successful","role":"user","timestamp":"2026-03-26T05:58:29.697Z","userId":"69c4ca1b802d00d852043069"}
{"durationMs":123,"level":"info","message":"HTTP request completed","method":"POST","path":"/api/v1/auth/login","statusCode":200,"timestamp":"2026-03-26T05:58:29.699Z"}
{"error":"task.getTasks is not a function","level":"error","message":"Unhandled request error","method":"GET","path":"/api/v1/tasks","stack":"TypeError: task.getTasks is not a function\n    at Module.getTasksService (file:///C:/Users/dyash/OneDrive/Desktop/GitHub/RBAC/SERVER/src/services/taskService.js:8:17)\n    at getTasksController (file:///C:/Users/dyash/OneDrive/Desktop/GitHub/RBAC/SERVER/src/controllers/taskController.js:23:33)\n    at process.processTicksAndRejections (node:internal/process/task_queues:95:5)","timestamp":"2026-03-26T05:58:29.731Z"}
{"durationMs":10,"level":"info","message":"HTTP request completed","method":"GET","path":"/api/v1/tasks","statusCode":500,"timestamp":"2026-03-26T05:58:29.732Z"}
{"error":"task.createTask is not a function","level":"error","message":"Unhandled request error","method":"POST","path":"/api/v1/tasks","stack":"TypeError: task.createTask is not a function\n    at Module.createTaskService (file:///C:/Users/dyash/OneDrive/Desktop/GitHub/RBAC/SERVER/src/services/taskService.js:4:17)\n    at createTaskController (file:///C:/Users/dyash/OneDrive/Desktop/GitHub/RBAC/SERVER/src/controllers/taskController.js:7:32)\n    at Layer.handleRequest (C:\\Users\\dyash\\OneDrive\\Desktop\\GitHub\\RBAC\\SERVER\\node_modules\\router\\lib\\layer.js:152:17)\n    at next (C:\\Users\\dyash\\OneDrive\\Desktop\\GitHub\\RBAC\\SERVER\\node_modules\\router\\lib\\route.js:157:13)\n    at validate (file:///C:/Users/dyash/OneDrive/Desktop/GitHub/RBAC/SERVER/src/middleware/validate.js:14:3)\n    at Layer.handleRequest (C:\\Users\\dyash\\OneDrive\\Desktop\\GitHub\\RBAC\\SERVER\\node_modules\\router\\lib\\layer.js:152:17)\n    at next (C:\\Users\\dyash\\OneDrive\\Desktop\\GitHub\\RBAC\\SERVER\\node_modules\\router\\lib\\route.js:157:13)\n    at middleware (C:\\Users\\dyash\\OneDrive\\Desktop\\GitHub\\RBAC\\SERVER\\node_modules\\express-validator\\lib\\middlewares\\check.js:16:13)\n    at process.processTicksAndRejections (node:internal/process/task_queues:95:5)","timestamp":"2026-03-26T05:58:43.612Z"}
{"durationMs":9,"level":"info","message":"HTTP request completed","method":"POST","path":"/api/v1/tasks","statusCode":500,"timestamp":"2026-03-26T05:58:43.614Z"}
{"level":"info","message":"Server started","port":5000,"timestamp":"2026-03-26T05:59:32.410Z"}
{"level":"info","message":"Redis connected","timestamp":"2026-03-26T05:59:32.418Z"}
{"level":"info","message":"MongoDB connected","timestamp":"2026-03-26T05:59:33.197Z"}
{"level":"info","message":"Server started","port":5000,"timestamp":"2026-03-26T05:59:37.758Z"}
{"level":"info","message":"Redis connected","timestamp":"2026-03-26T05:59:37.765Z"}
{"level":"info","message":"MongoDB connected","timestamp":"2026-03-26T05:59:38.354Z"}
{"level":"info","message":"Server started","port":5000,"timestamp":"2026-03-26T05:59:44.312Z"}
{"level":"info","message":"Redis connected","timestamp":"2026-03-26T05:59:44.320Z"}
{"level":"info","message":"MongoDB connected","timestamp":"2026-03-26T05:59:44.904Z"}
{"level":"info","message":"Server started","port":5000,"timestamp":"2026-03-26T05:59:53.557Z"}
{"level":"info","message":"Redis connected","timestamp":"2026-03-26T05:59:53.566Z"}
{"level":"info","message":"MongoDB connected","timestamp":"2026-03-26T05:59:54.389Z"}
{"level":"info","message":"Login successful","role":"user","timestamp":"2026-03-26T06:00:33.265Z","userId":"69c4ca1b802d00d852043069"}
{"durationMs":169,"level":"info","message":"HTTP request completed","method":"POST","path":"/api/v1/auth/login","statusCode":200,"timestamp":"2026-03-26T06:00:33.267Z"}
{"durationMs":135,"level":"info","message":"HTTP request completed","method":"GET","path":"/api/v1/tasks","statusCode":200,"timestamp":"2026-03-26T06:00:33.421Z"}
{"durationMs":156,"level":"info","message":"HTTP request completed","method":"POST","path":"/api/v1/tasks","statusCode":201,"timestamp":"2026-03-26T06:00:38.337Z"}
{"durationMs":99,"level":"info","message":"HTTP request completed","method":"GET","path":"/api/v1/tasks","statusCode":200,"timestamp":"2026-03-26T06:00:38.438Z"}
{"level":"info","message":"Login successful","role":"user","timestamp":"2026-03-26T06:03:24.783Z","userId":"69c4ca1b802d00d852043069"}
{"durationMs":216,"level":"info","message":"HTTP request completed","method":"POST","path":"/api/v1/auth/login","statusCode":200,"timestamp":"2026-03-26T06:03:24.784Z"}
{"durationMs":3,"level":"info","message":"HTTP request completed","method":"GET","path":"/api/v1/tasks","statusCode":200,"timestamp":"2026-03-26T06:03:24.808Z"}
{"durationMs":163,"level":"info","message":"HTTP request completed","method":"DELETE","path":"/api/v1/tasks/69c4cb86ce6d02be7f56751d","statusCode":200,"timestamp":"2026-03-26T06:03:33.138Z"}
{"durationMs":97,"level":"info","message":"HTTP request completed","method":"GET","path":"/api/v1/tasks","statusCode":200,"timestamp":"2026-03-26T06:03:33.238Z"}
{"level":"info","message":"Server started","port":5000,"timestamp":"2026-03-26T06:04:28.259Z"}
{"level":"info","message":"Redis connected","timestamp":"2026-03-26T06:04:28.268Z"}
{"level":"info","message":"MongoDB connected","timestamp":"2026-03-26T06:04:29.002Z"}
{"level":"info","message":"Server started","port":5000,"timestamp":"2026-03-26T06:07:38.901Z"}
{"level":"info","message":"Redis connected","timestamp":"2026-03-26T06:07:38.908Z"}
{"level":"info","message":"MongoDB connected","timestamp":"2026-03-26T06:07:39.733Z"}
{"email":"jok@gmail.com","level":"info","message":"User registered","timestamp":"2026-03-26T06:08:14.014Z","userId":"69c4cd4d86dafe2a16f3b63e"}
{"durationMs":265,"level":"info","message":"HTTP request completed","method":"POST","path":"/api/v1/auth/register","statusCode":201,"timestamp":"2026-03-26T06:08:14.020Z"}
{"level":"info","message":"Login successful","role":"admin","timestamp":"2026-03-26T06:08:31.711Z","userId":"69c4cd4d86dafe2a16f3b63e"}
{"durationMs":115,"level":"info","message":"HTTP request completed","method":"POST","path":"/api/v1/auth/login","statusCode":200,"timestamp":"2026-03-26T06:08:31.714Z"}
{"durationMs":58,"level":"info","message":"HTTP request completed","method":"GET","path":"/api/v1/tasks/all","statusCode":200,"timestamp":"2026-03-26T06:08:31.790Z"}
{"level":"info","message":"Login successful","role":"user","timestamp":"2026-03-26T06:08:47.349Z","userId":"69c4ca1b802d00d852043069"}
{"durationMs":153,"level":"info","message":"HTTP request completed","method":"POST","path":"/api/v1/auth/login","statusCode":200,"timestamp":"2026-03-26T06:08:47.350Z"}
{"durationMs":4,"level":"info","message":"HTTP request completed","method":"GET","path":"/api/v1/tasks","statusCode":200,"timestamp":"2026-03-26T06:08:47.374Z"}
{"durationMs":201,"level":"info","message":"HTTP request completed","method":"POST","path":"/api/v1/tasks","statusCode":201,"timestamp":"2026-03-26T06:08:55.386Z"}
{"durationMs":99,"level":"info","message":"HTTP request completed","method":"GET","path":"/api/v1/tasks","statusCode":200,"timestamp":"2026-03-26T06:08:55.488Z"}
{"level":"info","message":"Login successful","role":"admin","timestamp":"2026-03-26T06:09:04.651Z","userId":"69c4cd4d86dafe2a16f3b63e"}
{"durationMs":167,"level":"info","message":"HTTP request completed","method":"POST","path":"/api/v1/auth/login","statusCode":200,"timestamp":"2026-03-26T06:09:04.652Z"}
{"durationMs":171,"level":"info","message":"HTTP request completed","method":"GET","path":"/api/v1/tasks/all","statusCode":200,"timestamp":"2026-03-26T06:09:04.836Z"}
{"durationMs":254,"level":"info","message":"HTTP request completed","method":"DELETE","path":"/api/v1/tasks/admin/69c4cd7786dafe2a16f3b643","statusCode":200,"timestamp":"2026-03-26T06:10:24.373Z"}
{"durationMs":95,"level":"info","message":"HTTP request completed","method":"GET","path":"/api/v1/tasks/all","statusCode":200,"timestamp":"2026-03-26T06:10:24.472Z"}
